<?xml version="1.0" encoding="UTF-8"?>
<!-- Generated by org.testng.reporters.JUnitReportReporter -->
<testsuite hostname="INLPF2RYQEM" failures="0" tests="1" name="TestPackage.JsonUser_localTest" time="1.673" errors="0" timestamp="2025-05-31T10:32:07 IST" skipped="0">
  <testcase classname="TestPackage.JsonUser_localTest" name="testJsonUser" time="1.673"/>
</testsuite> <!-- TestPackage.JsonUser_localTest -->
