<?xml version="1.0" encoding="UTF-8"?>
<!-- Generated by org.testng.reporters.JUnitReportReporter -->
<testsuite hostname="INLPF2RYQEM" failures="0" tests="1" name="TestPackage.soapXMLReq" time="3.637" errors="0" timestamp="2025-06-11T17:48:51 IST" skipped="0">
  <testcase classname="TestPackage.soapXMLReq" name="RegistrationXml" time="3.637"/>
</testsuite> <!-- TestPackage.soapXMLReq -->
