<?xml version="1.0" encoding="UTF-8"?>
<!-- Generated by org.testng.reporters.JUnitReportReporter -->
<testsuite hostname="INLPF2RYQEM" failures="0" tests="1" name="com.testAutomation.pojos.PostAPIReqUsingPojos" time="3.559" errors="0" timestamp="2025-06-01T17:32:28 IST" skipped="0">
  <testcase classname="com.testAutomation.pojos.PostAPIReqUsingPojos" name="postAPIReqUsingPojos" time="3.559"/>
</testsuite> <!-- com.testAutomation.pojos.PostAPIReqUsingPojos -->
