<?xml version="1.0" encoding="UTF-8"?>
<!-- Generated by org.testng.reporters.JUnitReportReporter -->
<testsuite hostname="INLPF2RYQEM" failures="0" tests="1" name="TestPackage.Test_One" time="2.880" errors="0" timestamp="2025-05-30T15:27:04 IST" skipped="0">
  <testcase classname="TestPackage.Test_One" name="testMethod2" time="2.880"/>
</testsuite> <!-- TestPackage.Test_One -->
