<?xml version="1.0" encoding="UTF-8"?>
<!-- Generated by org.testng.reporters.JUnitReportReporter -->
<testsuite hostname="INLPF2RYQEM" failures="0" tests="1" name="TestPackage.GetandPostExample" time="6.596" errors="0" timestamp="2025-06-11T11:34:19 IST" skipped="0">
  <testcase classname="TestPackage.GetandPostExample" name="getExample" time="6.596"/>
</testsuite> <!-- TestPackage.GetandPostExample -->
