<?xml version="1.0" encoding="UTF-8"?>
<!-- Generated by org.testng.reporters.JUnitReportReporter -->
<testsuite hostname="INLPF2RYQEM" failures="0" tests="1" name="TestPackage.JsonSchemaValidator" time="5.126" errors="0" timestamp="2025-06-01T17:14:28 IST" skipped="0">
  <testcase classname="TestPackage.JsonSchemaValidator" name="getExample" time="5.126"/>
</testsuite> <!-- TestPackage.JsonSchemaValidator -->
